# JRE version: Java(TM) SE Runtime Environment (8.0_191-b12) (build 1.8.0_191-b12)
# Java VM: Java HotSpot(TM) Client VM (25.191-b12 mixed mode windows-x86 )
Heap:
 def new generation   total 78656K, used 78656K [0x0f200000, 0x14750000, 0x14750000)
  eden space 69952K, 100% used [0x0f200000, 0x13650000, 0x13650000)
  from space 8704K, 100% used [0x13650000, 0x13ed0000, 0x13ed0000)
  to   space 8704K,   0% used [0x13ed0000, 0x13ed0000, 0x14750000)
 tenured generation   total 174784K, used 174783K [0x14750000, 0x1f200000, 0x1f200000)
   the space 174784K,  99% used [0x14750000, 0x1f1ffff8, 0x1f200000, 0x1f200000)
 Metaspace       used 70727K, capacity 71925K, committed 72576K, reserved 73088K
GC Heap History (10 events):
Event: 207.010 GC heap before
{Heap before GC invocations=334 (full 121):
 def new generation   total 78656K, used 78655K [0x0f200000, 0x14750000, 0x14750000)
  eden space 69952K,  99% used [0x0f200000, 0x1364fff0, 0x13650000)
  from space 8704K, 100% used [0x13650000, 0x13ed0000, 0x13ed0000)
  to   space 8704K,   0% used [0x13ed0000, 0x13ed0000, 0x14750000)
 tenured generation   total 174784K, used 174783K [0x14750000, 0x1f200000, 0x1f200000)
   the space 174784K,  99% used [0x14750000, 0x1f1ffff0, 0x1f200000, 0x1f200000)
 Metaspace       used 70727K, capacity 71925K, committed 72576K, reserved 73088K
Event: 207.283 GC heap after
Heap after GC invocations=335 (full 122):
 def new generation   total 78656K, used 78655K [0x0f200000, 0x14750000, 0x14750000)
  eden space 69952K,  99% used [0x0f200000, 0x1364fff0, 0x13650000)
  from space 8704K, 100% used [0x13650000, 0x13ed0000, 0x13ed0000)
  to   space 8704K,   0% used [0x13ed0000, 0x13ed0000, 0x14750000)
 tenured generation   total 174784K, used 174783K [0x14750000, 0x1f200000, 0x1f200000)
   the space 174784K,  99% used [0x14750000, 0x1f1ffff0, 0x1f200000, 0x1f200000)
 Metaspace       used 70727K, capacity 71925K, committed 72576K, reserved 73088K
}
Event: 207.283 GC heap before
{Heap before GC invocations=335 (full 122):
 def new generation   total 78656K, used 78655K [0x0f200000, 0x14750000, 0x14750000)
  eden space 69952K,  99% used [0x0f200000, 0x1364fff0, 0x13650000)
  from space 8704K, 100% used [0x13650000, 0x13ed0000, 0x13ed0000)
  to   space 8704K,   0% used [0x13ed0000, 0x13ed0000, 0x14750000)
 tenured generation   total 174784K, used 174783K [0x14750000, 0x1f200000, 0x1f200000)
   the space 174784K,  99% used [0x14750000, 0x1f1ffff0, 0x1f200000, 0x1f200000)
 Metaspace       used 70727K, capacity 71925K, committed 72576K, reserved 73088K
Event: 207.574 GC heap after
Heap after GC invocations=336 (full 123):
 def new generation   total 78656K, used 78655K [0x0f200000, 0x14750000, 0x14750000)
  eden space 69952K,  99% used [0x0f200000, 0x1364fff0, 0x13650000)
  from space 8704K, 100% used [0x13650000, 0x13ed0000, 0x13ed0000)
  to   space 8704K,   0% used [0x13ed0000, 0x13ed0000, 0x14750000)
 tenured generation   total 174784K, used 174783K [0x14750000, 0x1f200000, 0x1f200000)
   the space 174784K,  99% used [0x14750000, 0x1f1ffff0, 0x1f200000, 0x1f200000)
 Metaspace       used 70727K, capacity 71925K, committed 72576K, reserved 73088K
}
Event: 207.574 GC heap before
{Heap before GC invocations=336 (full 123):
 def new generation   total 78656K, used 78655K [0x0f200000, 0x14750000, 0x14750000)
  eden space 69952K,  99% used [0x0f200000, 0x1364fff0, 0x13650000)
  from space 8704K, 100% used [0x13650000, 0x13ed0000, 0x13ed0000)
  to   space 8704K,   0% used [0x13ed0000, 0x13ed0000, 0x14750000)
 tenured generation   total 174784K, used 174783K [0x14750000, 0x1f200000, 0x1f200000)
   the space 174784K,  99% used [0x14750000, 0x1f1ffff0, 0x1f200000, 0x1f200000)
 Metaspace       used 70727K, capacity 71925K, committed 72576K, reserved 73088K
Event: 207.861 GC heap after
Heap after GC invocations=337 (full 124):
 def new generation   total 78656K, used 78655K [0x0f200000, 0x14750000, 0x14750000)
  eden space 69952K,  99% used [0x0f200000, 0x1364fff0, 0x13650000)
  from space 8704K, 100% used [0x13650000, 0x13ed0000, 0x13ed0000)
  to   space 8704K,   0% used [0x13ed0000, 0x13ed0000, 0x14750000)
 tenured generation   total 174784K, used 174783K [0x14750000, 0x1f200000, 0x1f200000)
   the space 174784K,  99% used [0x14750000, 0x1f1ffff0, 0x1f200000, 0x1f200000)
 Metaspace       used 70727K, capacity 71925K, committed 72576K, reserved 73088K
}
Event: 207.861 GC heap before
{Heap before GC invocations=337 (full 124):
 def new generation   total 78656K, used 78655K [0x0f200000, 0x14750000, 0x14750000)
  eden space 69952K,  99% used [0x0f200000, 0x1364fff0, 0x13650000)
  from space 8704K, 100% used [0x13650000, 0x13ed0000, 0x13ed0000)
  to   space 8704K,   0% used [0x13ed0000, 0x13ed0000, 0x14750000)
 tenured generation   total 174784K, used 174783K [0x14750000, 0x1f200000, 0x1f200000)
   the space 174784K,  99% used [0x14750000, 0x1f1ffff0, 0x1f200000, 0x1f200000)
 Metaspace       used 70727K, capacity 71925K, committed 72576K, reserved 73088K
Event: 208.158 GC heap after
Heap after GC invocations=338 (full 125):
 def new generation   total 78656K, used 78655K [0x0f200000, 0x14750000, 0x14750000)
  eden space 69952K,  99% used [0x0f200000, 0x1364fff0, 0x13650000)
  from space 8704K, 100% used [0x13650000, 0x13ed0000, 0x13ed0000)
  to   space 8704K,   0% used [0x13ed0000, 0x13ed0000, 0x14750000)
 tenured generation   total 174784K, used 174783K [0x14750000, 0x1f200000, 0x1f200000)
   the space 174784K,  99% used [0x14750000, 0x1f1ffff0, 0x1f200000, 0x1f200000)
 Metaspace       used 70727K, capacity 71925K, committed 72576K, reserved 73088K
}
Event: 208.158 GC heap before
{Heap before GC invocations=338 (full 125):
 def new generation   total 78656K, used 78655K [0x0f200000, 0x14750000, 0x14750000)
  eden space 69952K,  99% used [0x0f200000, 0x1364fff0, 0x13650000)
  from space 8704K, 100% used [0x13650000, 0x13ed0000, 0x13ed0000)
  to   space 8704K,   0% used [0x13ed0000, 0x13ed0000, 0x14750000)
 tenured generation   total 174784K, used 174783K [0x14750000, 0x1f200000, 0x1f200000)
   the space 174784K,  99% used [0x14750000, 0x1f1ffff0, 0x1f200000, 0x1f200000)
 Metaspace       used 70727K, capacity 71925K, committed 72576K, reserved 73088K
Event: 208.429 GC heap after
Heap after GC invocations=339 (full 126):
 def new generation   total 78656K, used 78655K [0x0f200000, 0x14750000, 0x14750000)
  eden space 69952K,  99% used [0x0f200000, 0x1364fff0, 0x13650000)
  from space 8704K, 100% used [0x13650000, 0x13ed0000, 0x13ed0000)
  to   space 8704K,   0% used [0x13ed0000, 0x13ed0000, 0x14750000)
 tenured generation   total 174784K, used 174783K [0x14750000, 0x1f200000, 0x1f200000)
   the space 174784K,  99% used [0x14750000, 0x1f1fffb0, 0x1f200000, 0x1f200000)
 Metaspace       used 70727K, capacity 71925K, committed 72576K, reserved 73088K
}

