# JRE version: Java(TM) SE Runtime Environment (8.0_191-b12) (build 1.8.0_191-b12)
# Java VM: Java HotSpot(TM) Client VM (25.191-b12 mixed mode windows-x86 )
Heap:
 def new generation   total 78656K, used 46372K [0x07000000, 0x0c550000, 0x0c550000)
  eden space 69952K,  66% used [0x07000000, 0x09d49280, 0x0b450000)
  from space 8704K,   0% used [0x0bcd0000, 0x0bcd0000, 0x0c550000)
  to   space 8704K,   0% used [0x0b450000, 0x0b450000, 0x0bcd0000)
 tenured generation   total 174784K, used 163144K [0x0c550000, 0x17000000, 0x17000000)
   the space 174784K,  93% used [0x0c550000, 0x164a2048, 0x164a2200, 0x17000000)
 Metaspace       used 71492K, capacity 72986K, committed 73844K, reserved 74112K
GC Heap History (10 events):
Event: 208.322 GC heap before
{Heap before GC invocations=378 (full 143):
 def new generation   total 78656K, used 78655K [0x07000000, 0x0c550000, 0x0c550000)
  eden space 69952K, 100% used [0x07000000, 0x0b450000, 0x0b450000)
  from space 8704K,  99% used [0x0bcd0000, 0x0c54ff68, 0x0c550000)
  to   space 8704K,   0% used [0x0b450000, 0x0b450000, 0x0bcd0000)
 tenured generation   total 174784K, used 174783K [0x0c550000, 0x17000000, 0x17000000)
   the space 174784K,  99% used [0x0c550000, 0x16ffff90, 0x17000000, 0x17000000)
 Metaspace       used 71488K, capacity 72986K, committed 73844K, reserved 74112K
Event: 208.652 GC heap after
Heap after GC invocations=379 (full 144):
 def new generation   total 78656K, used 78617K [0x07000000, 0x0c550000, 0x0c550000)
  eden space 69952K,  99% used [0x07000000, 0x0b44fe38, 0x0b450000)
  from space 8704K,  99% used [0x0bcd0000, 0x0c546990, 0x0c550000)
  to   space 8704K,   0% used [0x0b450000, 0x0b450000, 0x0bcd0000)
 tenured generation   total 174784K, used 174784K [0x0c550000, 0x17000000, 0x17000000)
   the space 174784K, 100% used [0x0c550000, 0x17000000, 0x17000000, 0x17000000)
 Metaspace       used 71488K, capacity 72986K, committed 73844K, reserved 74112K
}
Event: 208.653 GC heap before
{Heap before GC invocations=379 (full 144):
 def new generation   total 78656K, used 78655K [0x07000000, 0x0c550000, 0x0c550000)
  eden space 69952K, 100% used [0x07000000, 0x0b450000, 0x0b450000)
  from space 8704K,  99% used [0x0bcd0000, 0x0c54fff8, 0x0c550000)
  to   space 8704K,   0% used [0x0b450000, 0x0b450000, 0x0bcd0000)
 tenured generation   total 174784K, used 174784K [0x0c550000, 0x17000000, 0x17000000)
   the space 174784K, 100% used [0x0c550000, 0x17000000, 0x17000000, 0x17000000)
 Metaspace       used 71488K, capacity 72986K, committed 73844K, reserved 74112K
Event: 208.922 GC heap after
Heap after GC invocations=380 (full 145):
 def new generation   total 78656K, used 78620K [0x07000000, 0x0c550000, 0x0c550000)
  eden space 69952K,  99% used [0x07000000, 0x0b44feb0, 0x0b450000)
  from space 8704K,  99% used [0x0bcd0000, 0x0c547388, 0x0c550000)
  to   space 8704K,   0% used [0x0b450000, 0x0b450000, 0x0bcd0000)
 tenured generation   total 174784K, used 174784K [0x0c550000, 0x17000000, 0x17000000)
   the space 174784K, 100% used [0x0c550000, 0x17000000, 0x17000000, 0x17000000)
 Metaspace       used 71488K, capacity 72986K, committed 73844K, reserved 74112K
}
Event: 208.923 GC heap before
{Heap before GC invocations=380 (full 145):
 def new generation   total 78656K, used 78655K [0x07000000, 0x0c550000, 0x0c550000)
  eden space 69952K, 100% used [0x07000000, 0x0b450000, 0x0b450000)
  from space 8704K,  99% used [0x0bcd0000, 0x0c54ffc0, 0x0c550000)
  to   space 8704K,   0% used [0x0b450000, 0x0b450000, 0x0bcd0000)
 tenured generation   total 174784K, used 174784K [0x0c550000, 0x17000000, 0x17000000)
   the space 174784K, 100% used [0x0c550000, 0x17000000, 0x17000000, 0x17000000)
 Metaspace       used 71488K, capacity 72986K, committed 73844K, reserved 74112K
Event: 209.206 GC heap after
Heap after GC invocations=381 (full 146):
 def new generation   total 78656K, used 78616K [0x07000000, 0x0c550000, 0x0c550000)
  eden space 69952K,  99% used [0x07000000, 0x0b44fe00, 0x0b450000)
  from space 8704K,  99% used [0x0bcd0000, 0x0c546450, 0x0c550000)
  to   space 8704K,   0% used [0x0b450000, 0x0b450000, 0x0bcd0000)
 tenured generation   total 174784K, used 174784K [0x0c550000, 0x17000000, 0x17000000)
   the space 174784K, 100% used [0x0c550000, 0x17000000, 0x17000000, 0x17000000)
 Metaspace       used 71488K, capacity 72986K, committed 73844K, reserved 74112K
}
Event: 209.235 GC heap before
{Heap before GC invocations=381 (full 146):
 def new generation   total 78656K, used 78655K [0x07000000, 0x0c550000, 0x0c550000)
  eden space 69952K, 100% used [0x07000000, 0x0b450000, 0x0b450000)
  from space 8704K,  99% used [0x0bcd0000, 0x0c54ffd8, 0x0c550000)
  to   space 8704K,   0% used [0x0b450000, 0x0b450000, 0x0bcd0000)
 tenured generation   total 174784K, used 174784K [0x0c550000, 0x17000000, 0x17000000)
   the space 174784K, 100% used [0x0c550000, 0x17000000, 0x17000000, 0x17000000)
 Metaspace       used 71490K, capacity 72986K, committed 73844K, reserved 74112K
Event: 209.509 GC heap after
Heap after GC invocations=382 (full 147):
 def new generation   total 78656K, used 78624K [0x07000000, 0x0c550000, 0x0c550000)
  eden space 69952K,  99% used [0x07000000, 0x0b44fe00, 0x0b450000)
  from space 8704K,  99% used [0x0bcd0000, 0x0c548460, 0x0c550000)
  to   space 8704K,   0% used [0x0b450000, 0x0b450000, 0x0bcd0000)
 tenured generation   total 174784K, used 174784K [0x0c550000, 0x17000000, 0x17000000)
   the space 174784K, 100% used [0x0c550000, 0x17000000, 0x17000000, 0x17000000)
 Metaspace       used 71490K, capacity 72986K, committed 73844K, reserved 74112K
}
Event: 209.526 GC heap before
{Heap before GC invocations=382 (full 147):
 def new generation   total 78656K, used 78655K [0x07000000, 0x0c550000, 0x0c550000)
  eden space 69952K, 100% used [0x07000000, 0x0b450000, 0x0b450000)
  from space 8704K,  99% used [0x0bcd0000, 0x0c54fff8, 0x0c550000)
  to   space 8704K,   0% used [0x0b450000, 0x0b450000, 0x0bcd0000)
 tenured generation   total 174784K, used 174784K [0x0c550000, 0x17000000, 0x17000000)
   the space 174784K, 100% used [0x0c550000, 0x17000000, 0x17000000, 0x17000000)
 Metaspace       used 71490K, capacity 72986K, committed 73844K, reserved 74112K
Event: 209.821 GC heap after
Heap after GC invocations=383 (full 148):
 def new generation   total 78656K, used 0K [0x07000000, 0x0c550000, 0x0c550000)
  eden space 69952K,   0% used [0x07000000, 0x07000000, 0x0b450000)
  from space 8704K,   0% used [0x0bcd0000, 0x0bcd0000, 0x0c550000)
  to   space 8704K,   0% used [0x0b450000, 0x0b450000, 0x0bcd0000)
 tenured generation   total 174784K, used 163144K [0x0c550000, 0x17000000, 0x17000000)
   the space 174784K,  93% used [0x0c550000, 0x164a2048, 0x164a2200, 0x17000000)
 Metaspace       used 71490K, capacity 72986K, committed 73844K, reserved 74112K
}

