# JRE version: Java(TM) SE Runtime Environment (8.0_191-b12) (build 1.8.0_191-b12)
# Java VM: Java HotSpot(TM) Client VM (25.191-b12 mixed mode windows-x86 )
Heap:
 def new generation   total 78656K, used 78656K [0x0fc00000, 0x15150000, 0x15150000)
  eden space 69952K, 100% used [0x0fc00000, 0x14050000, 0x14050000)
  from space 8704K, 100% used [0x14050000, 0x148d0000, 0x148d0000)
  to   space 8704K,   0% used [0x148d0000, 0x148d0000, 0x15150000)
 tenured generation   total 174784K, used 174783K [0x15150000, 0x1fc00000, 0x1fc00000)
   the space 174784K,  99% used [0x15150000, 0x1fbffeb0, 0x1fc00000, 0x1fc00000)
 Metaspace       used 70730K, capacity 71955K, committed 72576K, reserved 73088K
GC Heap History (10 events):
Event: 423.079 GC heap before
{Heap before GC invocations=370 (full 153):
 def new generation   total 78656K, used 78656K [0x0fc00000, 0x15150000, 0x15150000)
  eden space 69952K, 100% used [0x0fc00000, 0x14050000, 0x14050000)
  from space 8704K, 100% used [0x14050000, 0x148d0000, 0x148d0000)
  to   space 8704K,   0% used [0x148d0000, 0x148d0000, 0x15150000)
 tenured generation   total 174784K, used 174783K [0x15150000, 0x1fc00000, 0x1fc00000)
   the space 174784K,  99% used [0x15150000, 0x1fbffff8, 0x1fc00000, 0x1fc00000)
 Metaspace       used 70730K, capacity 71955K, committed 72576K, reserved 73088K
Event: 423.361 GC heap after
Heap after GC invocations=371 (full 154):
 def new generation   total 78656K, used 78656K [0x0fc00000, 0x15150000, 0x15150000)
  eden space 69952K, 100% used [0x0fc00000, 0x14050000, 0x14050000)
  from space 8704K, 100% used [0x14050000, 0x148d0000, 0x148d0000)
  to   space 8704K,   0% used [0x148d0000, 0x148d0000, 0x15150000)
 tenured generation   total 174784K, used 174783K [0x15150000, 0x1fc00000, 0x1fc00000)
   the space 174784K,  99% used [0x15150000, 0x1fbfffb0, 0x1fc00000, 0x1fc00000)
 Metaspace       used 70730K, capacity 71955K, committed 72576K, reserved 73088K
}
Event: 423.361 GC heap before
{Heap before GC invocations=371 (full 154):
 def new generation   total 78656K, used 78656K [0x0fc00000, 0x15150000, 0x15150000)
  eden space 69952K, 100% used [0x0fc00000, 0x14050000, 0x14050000)
  from space 8704K, 100% used [0x14050000, 0x148d0000, 0x148d0000)
  to   space 8704K,   0% used [0x148d0000, 0x148d0000, 0x15150000)
 tenured generation   total 174784K, used 174783K [0x15150000, 0x1fc00000, 0x1fc00000)
   the space 174784K,  99% used [0x15150000, 0x1fbfffe0, 0x1fc00000, 0x1fc00000)
 Metaspace       used 70730K, capacity 71955K, committed 72576K, reserved 73088K
Event: 423.642 GC heap after
Heap after GC invocations=372 (full 155):
 def new generation   total 78656K, used 78656K [0x0fc00000, 0x15150000, 0x15150000)
  eden space 69952K, 100% used [0x0fc00000, 0x14050000, 0x14050000)
  from space 8704K, 100% used [0x14050000, 0x148d0000, 0x148d0000)
  to   space 8704K,   0% used [0x148d0000, 0x148d0000, 0x15150000)
 tenured generation   total 174784K, used 174783K [0x15150000, 0x1fc00000, 0x1fc00000)
   the space 174784K,  99% used [0x15150000, 0x1fbfffe0, 0x1fc00000, 0x1fc00000)
 Metaspace       used 70730K, capacity 71955K, committed 72576K, reserved 73088K
}
Event: 423.642 GC heap before
{Heap before GC invocations=372 (full 155):
 def new generation   total 78656K, used 78656K [0x0fc00000, 0x15150000, 0x15150000)
  eden space 69952K, 100% used [0x0fc00000, 0x14050000, 0x14050000)
  from space 8704K, 100% used [0x14050000, 0x148d0000, 0x148d0000)
  to   space 8704K,   0% used [0x148d0000, 0x148d0000, 0x15150000)
 tenured generation   total 174784K, used 174783K [0x15150000, 0x1fc00000, 0x1fc00000)
   the space 174784K,  99% used [0x15150000, 0x1fbfffe0, 0x1fc00000, 0x1fc00000)
 Metaspace       used 70730K, capacity 71955K, committed 72576K, reserved 73088K
Event: 423.925 GC heap after
Heap after GC invocations=373 (full 156):
 def new generation   total 78656K, used 78656K [0x0fc00000, 0x15150000, 0x15150000)
  eden space 69952K, 100% used [0x0fc00000, 0x14050000, 0x14050000)
  from space 8704K, 100% used [0x14050000, 0x148d0000, 0x148d0000)
  to   space 8704K,   0% used [0x148d0000, 0x148d0000, 0x15150000)
 tenured generation   total 174784K, used 174783K [0x15150000, 0x1fc00000, 0x1fc00000)
   the space 174784K,  99% used [0x15150000, 0x1fbfffe0, 0x1fc00000, 0x1fc00000)
 Metaspace       used 70730K, capacity 71955K, committed 72576K, reserved 73088K
}
Event: 423.926 GC heap before
{Heap before GC invocations=373 (full 156):
 def new generation   total 78656K, used 78656K [0x0fc00000, 0x15150000, 0x15150000)
  eden space 69952K, 100% used [0x0fc00000, 0x14050000, 0x14050000)
  from space 8704K, 100% used [0x14050000, 0x148d0000, 0x148d0000)
  to   space 8704K,   0% used [0x148d0000, 0x148d0000, 0x15150000)
 tenured generation   total 174784K, used 174783K [0x15150000, 0x1fc00000, 0x1fc00000)
   the space 174784K,  99% used [0x15150000, 0x1fbffff0, 0x1fc00000, 0x1fc00000)
 Metaspace       used 70730K, capacity 71955K, committed 72576K, reserved 73088K
Event: 424.200 GC heap after
Heap after GC invocations=374 (full 157):
 def new generation   total 78656K, used 78656K [0x0fc00000, 0x15150000, 0x15150000)
  eden space 69952K, 100% used [0x0fc00000, 0x14050000, 0x14050000)
  from space 8704K, 100% used [0x14050000, 0x148d0000, 0x148d0000)
  to   space 8704K,   0% used [0x148d0000, 0x148d0000, 0x15150000)
 tenured generation   total 174784K, used 174783K [0x15150000, 0x1fc00000, 0x1fc00000)
   the space 174784K,  99% used [0x15150000, 0x1fbffff0, 0x1fc00000, 0x1fc00000)
 Metaspace       used 70730K, capacity 71955K, committed 72576K, reserved 73088K
}
Event: 424.200 GC heap before
{Heap before GC invocations=374 (full 157):
 def new generation   total 78656K, used 78656K [0x0fc00000, 0x15150000, 0x15150000)
  eden space 69952K, 100% used [0x0fc00000, 0x14050000, 0x14050000)
  from space 8704K, 100% used [0x14050000, 0x148d0000, 0x148d0000)
  to   space 8704K,   0% used [0x148d0000, 0x148d0000, 0x15150000)
 tenured generation   total 174784K, used 174783K [0x15150000, 0x1fc00000, 0x1fc00000)
   the space 174784K,  99% used [0x15150000, 0x1fbffff0, 0x1fc00000, 0x1fc00000)
 Metaspace       used 70730K, capacity 71955K, committed 72576K, reserved 73088K
Event: 424.544 GC heap after
Heap after GC invocations=375 (full 158):
 def new generation   total 78656K, used 78656K [0x0fc00000, 0x15150000, 0x15150000)
  eden space 69952K, 100% used [0x0fc00000, 0x14050000, 0x14050000)
  from space 8704K, 100% used [0x14050000, 0x148d0000, 0x148d0000)
  to   space 8704K,   0% used [0x148d0000, 0x148d0000, 0x15150000)
 tenured generation   total 174784K, used 174775K [0x15150000, 0x1fc00000, 0x1fc00000)
   the space 174784K,  99% used [0x15150000, 0x1fbfdd88, 0x1fbfde00, 0x1fc00000)
 Metaspace       used 70730K, capacity 71955K, committed 72576K, reserved 73088K
}

