# JRE version: Java(TM) SE Runtime Environment (8.0_191-b12) (build 1.8.0_191-b12)
# Java VM: Java HotSpot(TM) Client VM (25.191-b12 mixed mode windows-x86 )
Heap:
 def new generation   total 78656K, used 78655K [0x07600000, 0x0cb50000, 0x0cb50000)
  eden space 69952K, 100% used [0x07600000, 0x0ba50000, 0x0ba50000)
  from space 8704K,  99% used [0x0c2d0000, 0x0cb4fff0, 0x0cb50000)
  to   space 8704K,   0% used [0x0ba50000, 0x0ba50000, 0x0c2d0000)
 tenured generation   total 174784K, used 174783K [0x0cb50000, 0x17600000, 0x17600000)
   the space 174784K,  99% used [0x0cb50000, 0x175ffff0, 0x17600000, 0x17600000)
 Metaspace       used 68787K, capacity 69943K, committed 70516K, reserved 71040K
GC Heap History (10 events):
Event: 270.513 GC heap before
{Heap before GC invocations=353 (full 134):
 def new generation   total 78656K, used 78655K [0x07600000, 0x0cb50000, 0x0cb50000)
  eden space 69952K,  99% used [0x07600000, 0x0ba4fff8, 0x0ba50000)
  from space 8704K, 100% used [0x0c2d0000, 0x0cb50000, 0x0cb50000)
  to   space 8704K,   0% used [0x0ba50000, 0x0ba50000, 0x0c2d0000)
 tenured generation   total 174784K, used 174784K [0x0cb50000, 0x17600000, 0x17600000)
   the space 174784K, 100% used [0x0cb50000, 0x17600000, 0x17600000, 0x17600000)
 Metaspace       used 68787K, capacity 69943K, committed 70516K, reserved 71040K
Event: 270.781 GC heap after
Heap after GC invocations=354 (full 135):
 def new generation   total 78656K, used 78655K [0x07600000, 0x0cb50000, 0x0cb50000)
  eden space 69952K,  99% used [0x07600000, 0x0ba4fff8, 0x0ba50000)
  from space 8704K, 100% used [0x0c2d0000, 0x0cb50000, 0x0cb50000)
  to   space 8704K,   0% used [0x0ba50000, 0x0ba50000, 0x0c2d0000)
 tenured generation   total 174784K, used 174784K [0x0cb50000, 0x17600000, 0x17600000)
   the space 174784K, 100% used [0x0cb50000, 0x17600000, 0x17600000, 0x17600000)
 Metaspace       used 68787K, capacity 69943K, committed 70516K, reserved 71040K
}
Event: 270.781 GC heap before
{Heap before GC invocations=354 (full 135):
 def new generation   total 78656K, used 78655K [0x07600000, 0x0cb50000, 0x0cb50000)
  eden space 69952K,  99% used [0x07600000, 0x0ba4fff8, 0x0ba50000)
  from space 8704K, 100% used [0x0c2d0000, 0x0cb50000, 0x0cb50000)
  to   space 8704K,   0% used [0x0ba50000, 0x0ba50000, 0x0c2d0000)
 tenured generation   total 174784K, used 174784K [0x0cb50000, 0x17600000, 0x17600000)
   the space 174784K, 100% used [0x0cb50000, 0x17600000, 0x17600000, 0x17600000)
 Metaspace       used 68787K, capacity 69943K, committed 70516K, reserved 71040K
Event: 271.046 GC heap after
Heap after GC invocations=355 (full 136):
 def new generation   total 78656K, used 78655K [0x07600000, 0x0cb50000, 0x0cb50000)
  eden space 69952K,  99% used [0x07600000, 0x0ba4fff8, 0x0ba50000)
  from space 8704K, 100% used [0x0c2d0000, 0x0cb50000, 0x0cb50000)
  to   space 8704K,   0% used [0x0ba50000, 0x0ba50000, 0x0c2d0000)
 tenured generation   total 174784K, used 174784K [0x0cb50000, 0x17600000, 0x17600000)
   the space 174784K, 100% used [0x0cb50000, 0x17600000, 0x17600000, 0x17600000)
 Metaspace       used 68787K, capacity 69943K, committed 70516K, reserved 71040K
}
Event: 271.047 GC heap before
{Heap before GC invocations=355 (full 136):
 def new generation   total 78656K, used 78655K [0x07600000, 0x0cb50000, 0x0cb50000)
  eden space 69952K,  99% used [0x07600000, 0x0ba4fff8, 0x0ba50000)
  from space 8704K, 100% used [0x0c2d0000, 0x0cb50000, 0x0cb50000)
  to   space 8704K,   0% used [0x0ba50000, 0x0ba50000, 0x0c2d0000)
 tenured generation   total 174784K, used 174784K [0x0cb50000, 0x17600000, 0x17600000)
   the space 174784K, 100% used [0x0cb50000, 0x17600000, 0x17600000, 0x17600000)
 Metaspace       used 68787K, capacity 69943K, committed 70516K, reserved 71040K
Event: 271.317 GC heap after
Heap after GC invocations=356 (full 137):
 def new generation   total 78656K, used 78655K [0x07600000, 0x0cb50000, 0x0cb50000)
  eden space 69952K,  99% used [0x07600000, 0x0ba4ffe8, 0x0ba50000)
  from space 8704K,  99% used [0x0c2d0000, 0x0cb4ff60, 0x0cb50000)
  to   space 8704K,   0% used [0x0ba50000, 0x0ba50000, 0x0c2d0000)
 tenured generation   total 174784K, used 174784K [0x0cb50000, 0x17600000, 0x17600000)
   the space 174784K, 100% used [0x0cb50000, 0x17600000, 0x17600000, 0x17600000)
 Metaspace       used 68787K, capacity 69943K, committed 70516K, reserved 71040K
}
Event: 271.317 GC heap before
{Heap before GC invocations=356 (full 137):
 def new generation   total 78656K, used 78655K [0x07600000, 0x0cb50000, 0x0cb50000)
  eden space 69952K,  99% used [0x07600000, 0x0ba4fff8, 0x0ba50000)
  from space 8704K,  99% used [0x0c2d0000, 0x0cb4fff0, 0x0cb50000)
  to   space 8704K,   0% used [0x0ba50000, 0x0ba50000, 0x0c2d0000)
 tenured generation   total 174784K, used 174784K [0x0cb50000, 0x17600000, 0x17600000)
   the space 174784K, 100% used [0x0cb50000, 0x17600000, 0x17600000, 0x17600000)
 Metaspace       used 68787K, capacity 69943K, committed 70516K, reserved 71040K
Event: 271.582 GC heap after
Heap after GC invocations=357 (full 138):
 def new generation   total 78656K, used 78655K [0x07600000, 0x0cb50000, 0x0cb50000)
  eden space 69952K,  99% used [0x07600000, 0x0ba4ffe8, 0x0ba50000)
  from space 8704K,  99% used [0x0c2d0000, 0x0cb4ffd0, 0x0cb50000)
  to   space 8704K,   0% used [0x0ba50000, 0x0ba50000, 0x0c2d0000)
 tenured generation   total 174784K, used 174784K [0x0cb50000, 0x17600000, 0x17600000)
   the space 174784K, 100% used [0x0cb50000, 0x17600000, 0x17600000, 0x17600000)
 Metaspace       used 68787K, capacity 69943K, committed 70516K, reserved 71040K
}
Event: 271.582 GC heap before
{Heap before GC invocations=357 (full 138):
 def new generation   total 78656K, used 78655K [0x07600000, 0x0cb50000, 0x0cb50000)
  eden space 69952K,  99% used [0x07600000, 0x0ba4ffe8, 0x0ba50000)
  from space 8704K,  99% used [0x0c2d0000, 0x0cb4ffd0, 0x0cb50000)
  to   space 8704K,   0% used [0x0ba50000, 0x0ba50000, 0x0c2d0000)
 tenured generation   total 174784K, used 174784K [0x0cb50000, 0x17600000, 0x17600000)
   the space 174784K, 100% used [0x0cb50000, 0x17600000, 0x17600000, 0x17600000)
 Metaspace       used 68787K, capacity 69943K, committed 70516K, reserved 71040K
Event: 271.925 GC heap after
Heap after GC invocations=358 (full 139):
 def new generation   total 78656K, used 78647K [0x07600000, 0x0cb50000, 0x0cb50000)
  eden space 69952K,  99% used [0x07600000, 0x0ba4fdf0, 0x0ba50000)
  from space 8704K,  99% used [0x0c2d0000, 0x0cb4e1a0, 0x0cb50000)
  to   space 8704K,   0% used [0x0ba50000, 0x0ba50000, 0x0c2d0000)
 tenured generation   total 174784K, used 174783K [0x0cb50000, 0x17600000, 0x17600000)
   the space 174784K,  99% used [0x0cb50000, 0x175fff50, 0x17600000, 0x17600000)
 Metaspace       used 68787K, capacity 69943K, committed 70516K, reserved 71040K
}

