# JRE version: Java(TM) SE Runtime Environment (8.0_191-b12) (build 1.8.0_191-b12)
# Java VM: Java HotSpot(TM) Client VM (25.191-b12 mixed mode windows-x86 )
Heap:
 def new generation   total 78656K, used 78655K [0x07600000, 0x0cb50000, 0x0cb50000)
  eden space 69952K, 100% used [0x07600000, 0x0ba50000, 0x0ba50000)
  from space 8704K,  99% used [0x0ba50000, 0x0c2cff90, 0x0c2d0000)
  to   space 8704K,   0% used [0x0c2d0000, 0x0c2d0000, 0x0cb50000)
 tenured generation   total 174784K, used 174783K [0x0cb50000, 0x17600000, 0x17600000)
   the space 174784K,  99% used [0x0cb50000, 0x175fffd8, 0x17600000, 0x17600000)
 Metaspace       used 72497K, capacity 74062K, committed 75136K, reserved 75136K
GC Heap History (10 events):
Event: 463.091 GC heap before
{Heap before GC invocations=355 (full 92):
 def new generation   total 78656K, used 78655K [0x07600000, 0x0cb50000, 0x0cb50000)
  eden space 69952K, 100% used [0x07600000, 0x0ba50000, 0x0ba50000)
  from space 8704K,  99% used [0x0ba50000, 0x0c2cfff8, 0x0c2d0000)
  to   space 8704K,   0% used [0x0c2d0000, 0x0c2d0000, 0x0cb50000)
 tenured generation   total 174784K, used 174784K [0x0cb50000, 0x17600000, 0x17600000)
   the space 174784K, 100% used [0x0cb50000, 0x17600000, 0x17600000, 0x17600000)
 Metaspace       used 72497K, capacity 74062K, committed 75136K, reserved 75136K
Event: 463.364 GC heap after
Heap after GC invocations=356 (full 93):
 def new generation   total 78656K, used 78642K [0x07600000, 0x0cb50000, 0x0cb50000)
  eden space 69952K,  99% used [0x07600000, 0x0ba4ff28, 0x0ba50000)
  from space 8704K,  99% used [0x0ba50000, 0x0c2cc9d0, 0x0c2d0000)
  to   space 8704K,   0% used [0x0c2d0000, 0x0c2d0000, 0x0cb50000)
 tenured generation   total 174784K, used 174784K [0x0cb50000, 0x17600000, 0x17600000)
   the space 174784K, 100% used [0x0cb50000, 0x17600000, 0x17600000, 0x17600000)
 Metaspace       used 72497K, capacity 74062K, committed 75136K, reserved 75136K
}
Event: 463.364 GC heap before
{Heap before GC invocations=356 (full 93):
 def new generation   total 78656K, used 78655K [0x07600000, 0x0cb50000, 0x0cb50000)
  eden space 69952K, 100% used [0x07600000, 0x0ba50000, 0x0ba50000)
  from space 8704K,  99% used [0x0ba50000, 0x0c2cfff0, 0x0c2d0000)
  to   space 8704K,   0% used [0x0c2d0000, 0x0c2d0000, 0x0cb50000)
 tenured generation   total 174784K, used 174784K [0x0cb50000, 0x17600000, 0x17600000)
   the space 174784K, 100% used [0x0cb50000, 0x17600000, 0x17600000, 0x17600000)
 Metaspace       used 72497K, capacity 74062K, committed 75136K, reserved 75136K
Event: 463.639 GC heap after
Heap after GC invocations=357 (full 94):
 def new generation   total 78656K, used 78639K [0x07600000, 0x0cb50000, 0x0cb50000)
  eden space 69952K,  99% used [0x07600000, 0x0ba4ff28, 0x0ba50000)
  from space 8704K,  99% used [0x0ba50000, 0x0c2cbfd0, 0x0c2d0000)
  to   space 8704K,   0% used [0x0c2d0000, 0x0c2d0000, 0x0cb50000)
 tenured generation   total 174784K, used 174784K [0x0cb50000, 0x17600000, 0x17600000)
   the space 174784K, 100% used [0x0cb50000, 0x17600000, 0x17600000, 0x17600000)
 Metaspace       used 72497K, capacity 74062K, committed 75136K, reserved 75136K
}
Event: 463.640 GC heap before
{Heap before GC invocations=357 (full 94):
 def new generation   total 78656K, used 78654K [0x07600000, 0x0cb50000, 0x0cb50000)
  eden space 69952K, 100% used [0x07600000, 0x0ba50000, 0x0ba50000)
  from space 8704K,  99% used [0x0ba50000, 0x0c2cf938, 0x0c2d0000)
  to   space 8704K,   0% used [0x0c2d0000, 0x0c2d0000, 0x0cb50000)
 tenured generation   total 174784K, used 174784K [0x0cb50000, 0x17600000, 0x17600000)
   the space 174784K, 100% used [0x0cb50000, 0x17600000, 0x17600000, 0x17600000)
 Metaspace       used 72497K, capacity 74062K, committed 75136K, reserved 75136K
Event: 463.914 GC heap after
Heap after GC invocations=358 (full 95):
 def new generation   total 78656K, used 78639K [0x07600000, 0x0cb50000, 0x0cb50000)
  eden space 69952K,  99% used [0x07600000, 0x0ba4ff28, 0x0ba50000)
  from space 8704K,  99% used [0x0ba50000, 0x0c2cbe50, 0x0c2d0000)
  to   space 8704K,   0% used [0x0c2d0000, 0x0c2d0000, 0x0cb50000)
 tenured generation   total 174784K, used 174784K [0x0cb50000, 0x17600000, 0x17600000)
   the space 174784K, 100% used [0x0cb50000, 0x17600000, 0x17600000, 0x17600000)
 Metaspace       used 72497K, capacity 74062K, committed 75136K, reserved 75136K
}
Event: 463.915 GC heap before
{Heap before GC invocations=358 (full 95):
 def new generation   total 78656K, used 78655K [0x07600000, 0x0cb50000, 0x0cb50000)
  eden space 69952K, 100% used [0x07600000, 0x0ba50000, 0x0ba50000)
  from space 8704K,  99% used [0x0ba50000, 0x0c2cff78, 0x0c2d0000)
  to   space 8704K,   0% used [0x0c2d0000, 0x0c2d0000, 0x0cb50000)
 tenured generation   total 174784K, used 174784K [0x0cb50000, 0x17600000, 0x17600000)
   the space 174784K, 100% used [0x0cb50000, 0x17600000, 0x17600000, 0x17600000)
 Metaspace       used 72497K, capacity 74062K, committed 75136K, reserved 75136K
Event: 464.248 GC heap after
Heap after GC invocations=359 (full 96):
 def new generation   total 78656K, used 78641K [0x07600000, 0x0cb50000, 0x0cb50000)
  eden space 69952K,  99% used [0x07600000, 0x0ba4ff90, 0x0ba50000)
  from space 8704K,  99% used [0x0ba50000, 0x0c2cc7c0, 0x0c2d0000)
  to   space 8704K,   0% used [0x0c2d0000, 0x0c2d0000, 0x0cb50000)
 tenured generation   total 174784K, used 174783K [0x0cb50000, 0x17600000, 0x17600000)
   the space 174784K,  99% used [0x0cb50000, 0x175fffd8, 0x17600000, 0x17600000)
 Metaspace       used 72497K, capacity 74062K, committed 75136K, reserved 75136K
}
Event: 464.248 GC heap before
{Heap before GC invocations=359 (full 96):
 def new generation   total 78656K, used 78655K [0x07600000, 0x0cb50000, 0x0cb50000)
  eden space 69952K, 100% used [0x07600000, 0x0ba50000, 0x0ba50000)
  from space 8704K,  99% used [0x0ba50000, 0x0c2cff18, 0x0c2d0000)
  to   space 8704K,   0% used [0x0c2d0000, 0x0c2d0000, 0x0cb50000)
 tenured generation   total 174784K, used 174783K [0x0cb50000, 0x17600000, 0x17600000)
   the space 174784K,  99% used [0x0cb50000, 0x175fffd8, 0x17600000, 0x17600000)
 Metaspace       used 72497K, capacity 74062K, committed 75136K, reserved 75136K
Event: 464.515 GC heap after
Heap after GC invocations=360 (full 97):
 def new generation   total 78656K, used 78643K [0x07600000, 0x0cb50000, 0x0cb50000)
  eden space 69952K,  99% used [0x07600000, 0x0ba4ff90, 0x0ba50000)
  from space 8704K,  99% used [0x0ba50000, 0x0c2cccc0, 0x0c2d0000)
  to   space 8704K,   0% used [0x0c2d0000, 0x0c2d0000, 0x0cb50000)
 tenured generation   total 174784K, used 174783K [0x0cb50000, 0x17600000, 0x17600000)
   the space 174784K,  99% used [0x0cb50000, 0x175fffd8, 0x17600000, 0x17600000)
 Metaspace       used 72497K, capacity 74062K, committed 75136K, reserved 75136K
}

