# JRE version: Java(TM) SE Runtime Environment (8.0_191-b12) (build 1.8.0_191-b12)
# Java VM: Java HotSpot(TM) Client VM (25.191-b12 mixed mode windows-x86 )
Heap:
 def new generation   total 78656K, used 78655K [0x0fe00000, 0x15350000, 0x15350000)
  eden space 69952K, 100% used [0x0fe00000, 0x14250000, 0x14250000)
  from space 8704K,  99% used [0x14ad0000, 0x1534fff8, 0x15350000)
  to   space 8704K,   0% used [0x14250000, 0x14250000, 0x14ad0000)
 tenured generation   total 174784K, used 174784K [0x15350000, 0x1fe00000, 0x1fe00000)
   the space 174784K, 100% used [0x15350000, 0x1fe00000, 0x1fe00000, 0x1fe00000)
 Metaspace       used 70705K, capacity 71891K, committed 72576K, reserved 73088K
GC Heap History (10 events):
Event: 101.529 GC heap before
{Heap before GC invocations=339 (full 127):
 def new generation   total 78656K, used 78655K [0x0fe00000, 0x15350000, 0x15350000)
  eden space 69952K, 100% used [0x0fe00000, 0x14250000, 0x14250000)
  from space 8704K,  99% used [0x14ad0000, 0x1534fff8, 0x15350000)
  to   space 8704K,   0% used [0x14250000, 0x14250000, 0x14ad0000)
 tenured generation   total 174784K, used 174783K [0x15350000, 0x1fe00000, 0x1fe00000)
   the space 174784K,  99% used [0x15350000, 0x1fdffff8, 0x1fe00000, 0x1fe00000)
 Metaspace       used 70705K, capacity 71891K, committed 72576K, reserved 73088K
Event: 101.846 GC heap after
Heap after GC invocations=340 (full 128):
 def new generation   total 78656K, used 78655K [0x0fe00000, 0x15350000, 0x15350000)
  eden space 69952K, 100% used [0x0fe00000, 0x14250000, 0x14250000)
  from space 8704K,  99% used [0x14ad0000, 0x1534fff8, 0x15350000)
  to   space 8704K,   0% used [0x14250000, 0x14250000, 0x14ad0000)
 tenured generation   total 174784K, used 174783K [0x15350000, 0x1fe00000, 0x1fe00000)
   the space 174784K,  99% used [0x15350000, 0x1fdffe00, 0x1fdffe00, 0x1fe00000)
 Metaspace       used 70705K, capacity 71891K, committed 72576K, reserved 73088K
}
Event: 101.847 GC heap before
{Heap before GC invocations=340 (full 128):
 def new generation   total 78656K, used 78655K [0x0fe00000, 0x15350000, 0x15350000)
  eden space 69952K, 100% used [0x0fe00000, 0x14250000, 0x14250000)
  from space 8704K,  99% used [0x14ad0000, 0x1534fff8, 0x15350000)
  to   space 8704K,   0% used [0x14250000, 0x14250000, 0x14ad0000)
 tenured generation   total 174784K, used 174783K [0x15350000, 0x1fe00000, 0x1fe00000)
   the space 174784K,  99% used [0x15350000, 0x1fdfffd0, 0x1fe00000, 0x1fe00000)
 Metaspace       used 70705K, capacity 71891K, committed 72576K, reserved 73088K
Event: 102.124 GC heap after
Heap after GC invocations=341 (full 129):
 def new generation   total 78656K, used 78655K [0x0fe00000, 0x15350000, 0x15350000)
  eden space 69952K, 100% used [0x0fe00000, 0x14250000, 0x14250000)
  from space 8704K,  99% used [0x14ad0000, 0x1534ffe0, 0x15350000)
  to   space 8704K,   0% used [0x14250000, 0x14250000, 0x14ad0000)
 tenured generation   total 174784K, used 174783K [0x15350000, 0x1fe00000, 0x1fe00000)
   the space 174784K,  99% used [0x15350000, 0x1fdfffd0, 0x1fe00000, 0x1fe00000)
 Metaspace       used 70705K, capacity 71891K, committed 72576K, reserved 73088K
}
Event: 102.124 GC heap before
{Heap before GC invocations=341 (full 129):
 def new generation   total 78656K, used 78655K [0x0fe00000, 0x15350000, 0x15350000)
  eden space 69952K, 100% used [0x0fe00000, 0x14250000, 0x14250000)
  from space 8704K,  99% used [0x14ad0000, 0x1534ffe0, 0x15350000)
  to   space 8704K,   0% used [0x14250000, 0x14250000, 0x14ad0000)
 tenured generation   total 174784K, used 174783K [0x15350000, 0x1fe00000, 0x1fe00000)
   the space 174784K,  99% used [0x15350000, 0x1fdfffd0, 0x1fe00000, 0x1fe00000)
 Metaspace       used 70705K, capacity 71891K, committed 72576K, reserved 73088K
Event: 102.409 GC heap after
Heap after GC invocations=342 (full 130):
 def new generation   total 78656K, used 78655K [0x0fe00000, 0x15350000, 0x15350000)
  eden space 69952K, 100% used [0x0fe00000, 0x14250000, 0x14250000)
  from space 8704K,  99% used [0x14ad0000, 0x1534ffe0, 0x15350000)
  to   space 8704K,   0% used [0x14250000, 0x14250000, 0x14ad0000)
 tenured generation   total 174784K, used 174783K [0x15350000, 0x1fe00000, 0x1fe00000)
   the space 174784K,  99% used [0x15350000, 0x1fdfffa0, 0x1fe00000, 0x1fe00000)
 Metaspace       used 70705K, capacity 71891K, committed 72576K, reserved 73088K
}
Event: 102.410 GC heap before
{Heap before GC invocations=342 (full 130):
 def new generation   total 78656K, used 78655K [0x0fe00000, 0x15350000, 0x15350000)
  eden space 69952K, 100% used [0x0fe00000, 0x14250000, 0x14250000)
  from space 8704K,  99% used [0x14ad0000, 0x1534fff8, 0x15350000)
  to   space 8704K,   0% used [0x14250000, 0x14250000, 0x14ad0000)
 tenured generation   total 174784K, used 174783K [0x15350000, 0x1fe00000, 0x1fe00000)
   the space 174784K,  99% used [0x15350000, 0x1fdffff0, 0x1fe00000, 0x1fe00000)
 Metaspace       used 70705K, capacity 71891K, committed 72576K, reserved 73088K
Event: 102.690 GC heap after
Heap after GC invocations=343 (full 131):
 def new generation   total 78656K, used 78655K [0x0fe00000, 0x15350000, 0x15350000)
  eden space 69952K, 100% used [0x0fe00000, 0x14250000, 0x14250000)
  from space 8704K,  99% used [0x14ad0000, 0x1534ffc0, 0x15350000)
  to   space 8704K,   0% used [0x14250000, 0x14250000, 0x14ad0000)
 tenured generation   total 174784K, used 174783K [0x15350000, 0x1fe00000, 0x1fe00000)
   the space 174784K,  99% used [0x15350000, 0x1fdffff0, 0x1fe00000, 0x1fe00000)
 Metaspace       used 70705K, capacity 71891K, committed 72576K, reserved 73088K
}
Event: 102.690 GC heap before
{Heap before GC invocations=343 (full 131):
 def new generation   total 78656K, used 78656K [0x0fe00000, 0x15350000, 0x15350000)
  eden space 69952K, 100% used [0x0fe00000, 0x14250000, 0x14250000)
  from space 8704K, 100% used [0x14ad0000, 0x15350000, 0x15350000)
  to   space 8704K,   0% used [0x14250000, 0x14250000, 0x14ad0000)
 tenured generation   total 174784K, used 174784K [0x15350000, 0x1fe00000, 0x1fe00000)
   the space 174784K, 100% used [0x15350000, 0x1fe00000, 0x1fe00000, 0x1fe00000)
 Metaspace       used 70705K, capacity 71891K, committed 72576K, reserved 73088K
Event: 103.016 GC heap after
Heap after GC invocations=344 (full 132):
 def new generation   total 78656K, used 78655K [0x0fe00000, 0x15350000, 0x15350000)
  eden space 69952K, 100% used [0x0fe00000, 0x14250000, 0x14250000)
  from space 8704K,  99% used [0x14ad0000, 0x1534ffd8, 0x15350000)
  to   space 8704K,   0% used [0x14250000, 0x14250000, 0x14ad0000)
 tenured generation   total 174784K, used 174783K [0x15350000, 0x1fe00000, 0x1fe00000)
   the space 174784K,  99% used [0x15350000, 0x1fdfffe8, 0x1fe00000, 0x1fe00000)
 Metaspace       used 70705K, capacity 71891K, committed 72576K, reserved 73088K
}

